<?xml version="1.0" encoding="UTF-8" ?>
<testsuite failures="0" time="5.284" errors="0" skipped="1" tests="2" name="org.apache.solr.search.PreAnalyzedQParserPluginTest">
  <properties>
    <property name="java.runtime.name" value="Java(TM) SE Runtime Environment"/>
    <property name="sun.boot.library.path" value="C:\Program Files\Java\jdk1.7.0_45\jre\bin"/>
    <property name="java.vm.version" value="24.45-b08"/>
    <property name="java.vm.vendor" value="Oracle Corporation"/>
    <property name="java.vendor.url" value="http://java.oracle.com/"/>
    <property name="path.separator" value=";"/>
    <property name="java.vm.name" value="Java HotSpot(TM) 64-Bit Server VM"/>
    <property name="file.encoding.pkg" value="sun.io"/>
    <property name="user.script" value=""/>
    <property name="user.country" value="US"/>
    <property name="sun.java.launcher" value="SUN_STANDARD"/>
    <property name="sun.os.patch.level" value=""/>
    <property name="java.vm.specification.name" value="Java Virtual Machine Specification"/>
    <property name="user.dir" value="H:\Users\mnandi\workspace\NDSolrQueryParser"/>
    <property name="java.runtime.version" value="1.7.0_45-b18"/>
    <property name="java.awt.graphicsenv" value="sun.awt.Win32GraphicsEnvironment"/>
    <property name="basedir" value="H:\Users\mnandi\workspace\NDSolrQueryParser"/>
    <property name="java.endorsed.dirs" value="C:\Program Files\Java\jdk1.7.0_45\jre\lib\endorsed"/>
    <property name="os.arch" value="amd64"/>
    <property name="surefire.real.class.path" value="H:\Users\mnandi\workspace\NDSolrQueryParser\target\surefire\surefirebooter2284824376132423920.jar"/>
    <property name="java.io.tmpdir" value="C:\Users\mnandi\AppData\Local\Temp\"/>
    <property name="line.separator" value="
"/>
    <property name="java.vm.specification.vendor" value="Oracle Corporation"/>
    <property name="user.variant" value=""/>
    <property name="os.name" value="Windows 8"/>
    <property name="sun.jnu.encoding" value="Cp1252"/>
    <property name="java.library.path" value="C:\Program Files\Java\jdk1.7.0_45\jre\bin;C:\Windows\Sun\Java\bin;C:\Windows\system32;C:\Windows;C:/Program Files/Java/latest/bin/../jre/bin/server;C:/Program Files/Java/latest/bin/../jre/bin;C:/Program Files/Java/latest/bin/../jre/lib/amd64;C:\apache-ant-1.9.2\bin;C:\gnuwin32\bin;C:\Windows\Microsoft.NET\Framework64\v4.0.30319;C:\opennlp\apache-opennlp-1.5.3-bin\apache-opennlp-1.5.3\bin;C:\Program Files (x86)\NVIDIA Corporation\PhysX\Common;C:\Windows;C:\Windows\System32;C:\Program Files\Java\latest\lib;C:\apache-maven-3.1.0-alpha-1\bin;C:\Program Files\Java\jdk1.6.0_45\jre\lib;C:\Windows\system32;C:\Windows;C:\Windows\System32\Wbem;C:\Windows\System32\WindowsPowerShell\v1.0\;C:\Program Files\Microsoft\Web Platform Installer\;C:\Program Files (x86)\Microsoft ASP.NET\ASP.NET Web Pages\v1.0\;C:\Program Files (x86)\Windows Kits\8.0\Windows Performance Toolkit\;C:\Program Files\Microsoft SQL Server\110\Tools\Binn\;c:\Program Files (x86)\Microsoft Visual Studio 11.0\VC\include;C:\Program Files\Java\jdk1.6.0_45\include;C:\Program Files (x86)\Microsoft SQL Server\100\Tools\Binn\VSShell\Common7\IDE\;C:\Program Files (x86)\Microsoft SQL Server\100\Tools\Binn\;C:\Program Files\Microsoft SQL Server\100\Tools\Binn\;C:\Program Files (x86)\Microsoft SQL Server\100\DTS\Binn\;C:\Program Files\cURL\bin;C:\eclipse;;."/>
    <property name="surefire.test.class.path" value="H:\Users\mnandi\workspace\NDSolrQueryParser\target\test-classes;H:\Users\mnandi\workspace\NDSolrQueryParser\target\classes;C:\Users\mnandi\.m2\repository\org\apache\solr\solr-test-framework\4.6.1\solr-test-framework-4.6.1.jar;C:\Users\mnandi\.m2\repository\org\apache\lucene\lucene-test-framework\4.6.1\lucene-test-framework-4.6.1.jar;C:\Users\mnandi\.m2\repository\com\carrotsearch\randomizedtesting\randomizedtesting-runner\2.0.13\randomizedtesting-runner-2.0.13.jar;C:\Users\mnandi\.m2\repository\junit\junit\4.10\junit-4.10.jar;C:\Users\mnandi\.m2\repository\org\eclipse\jetty\jetty-servlet\8.1.10.v20130312\jetty-servlet-8.1.10.v20130312.jar;C:\Users\mnandi\.m2\repository\org\eclipse\jetty\jetty-security\8.1.10.v20130312\jetty-security-8.1.10.v20130312.jar;C:\Users\mnandi\.m2\repository\org\eclipse\jetty\jetty-util\8.1.10.v20130312\jetty-util-8.1.10.v20130312.jar;C:\Users\mnandi\.m2\repository\org\eclipse\jetty\jetty-server\8.1.10.v20130312\jetty-server-8.1.10.v20130312.jar;C:\Users\mnandi\.m2\repository\org\eclipse\jetty\orbit\javax.servlet\3.0.0.v201112011016\javax.servlet-3.0.0.v201112011016.jar;C:\Users\mnandi\.m2\repository\org\eclipse\jetty\jetty-continuation\8.1.10.v20130312\jetty-continuation-8.1.10.v20130312.jar;C:\Users\mnandi\.m2\repository\org\eclipse\jetty\jetty-http\8.1.10.v20130312\jetty-http-8.1.10.v20130312.jar;C:\Users\mnandi\.m2\repository\org\eclipse\jetty\jetty-io\8.1.10.v20130312\jetty-io-8.1.10.v20130312.jar;C:\Users\mnandi\.m2\repository\org\eclipse\jetty\jetty-webapp\8.1.10.v20130312\jetty-webapp-8.1.10.v20130312.jar;C:\Users\mnandi\.m2\repository\org\eclipse\jetty\jetty-xml\8.1.10.v20130312\jetty-xml-8.1.10.v20130312.jar;C:\Users\mnandi\.m2\repository\org\apache\solr\solr-core\4.6.1\solr-core-4.6.1.jar;C:\Users\mnandi\.m2\repository\org\apache\solr\solr-solrj\4.6.1\solr-solrj-4.6.1.jar;C:\Users\mnandi\.m2\repository\org\apache\zookeeper\zookeeper\3.4.5\zookeeper-3.4.5.jar;C:\Users\mnandi\.m2\repository\org\noggit\noggit\0.5\noggit-0.5.jar;C:\Users\mnandi\.m2\repository\org\codehaus\woodstox\wstx-asl\3.2.7\wstx-asl-3.2.7.jar;C:\Users\mnandi\.m2\repository\org\apache\lucene\lucene-core\4.6.1\lucene-core-4.6.1.jar;C:\Users\mnandi\.m2\repository\org\apache\lucene\lucene-codecs\4.6.1\lucene-codecs-4.6.1.jar;C:\Users\mnandi\.m2\repository\org\apache\lucene\lucene-analyzers-kuromoji\4.6.1\lucene-analyzers-kuromoji-4.6.1.jar;C:\Users\mnandi\.m2\repository\org\apache\lucene\lucene-analyzers-phonetic\4.6.1\lucene-analyzers-phonetic-4.6.1.jar;C:\Users\mnandi\.m2\repository\org\apache\lucene\lucene-highlighter\4.6.1\lucene-highlighter-4.6.1.jar;C:\Users\mnandi\.m2\repository\org\apache\lucene\lucene-memory\4.6.1\lucene-memory-4.6.1.jar;C:\Users\mnandi\.m2\repository\org\apache\lucene\lucene-misc\4.6.1\lucene-misc-4.6.1.jar;C:\Users\mnandi\.m2\repository\org\apache\lucene\lucene-join\4.6.1\lucene-join-4.6.1.jar;C:\Users\mnandi\.m2\repository\org\apache\lucene\lucene-queryparser\4.6.1\lucene-queryparser-4.6.1.jar;C:\Users\mnandi\.m2\repository\org\apache\lucene\lucene-spatial\4.6.1\lucene-spatial-4.6.1.jar;C:\Users\mnandi\.m2\repository\com\spatial4j\spatial4j\0.3\spatial4j-0.3.jar;C:\Users\mnandi\.m2\repository\org\apache\lucene\lucene-suggest\4.6.1\lucene-suggest-4.6.1.jar;C:\Users\mnandi\.m2\repository\org\apache\lucene\lucene-grouping\4.6.1\lucene-grouping-4.6.1.jar;C:\Users\mnandi\.m2\repository\org\apache\lucene\lucene-queries\4.6.1\lucene-queries-4.6.1.jar;C:\Users\mnandi\.m2\repository\com\carrotsearch\hppc\0.5.2\hppc-0.5.2.jar;C:\Users\mnandi\.m2\repository\com\googlecode\concurrentlinkedhashmap\concurrentlinkedhashmap-lru\1.2\concurrentlinkedhashmap-lru-1.2.jar;C:\Users\mnandi\.m2\repository\commons-codec\commons-codec\1.7\commons-codec-1.7.jar;C:\Users\mnandi\.m2\repository\commons-cli\commons-cli\1.2\commons-cli-1.2.jar;C:\Users\mnandi\.m2\repository\commons-fileupload\commons-fileupload\1.2.1\commons-fileupload-1.2.1.jar;C:\Users\mnandi\.m2\repository\joda-time\joda-time\2.2\joda-time-2.2.jar;C:\Users\mnandi\.m2\repository\org\apache\hadoop\hadoop-annotations\2.2.0\hadoop-annotations-2.2.0.jar;C:\Program Files\Java\jdk1.7.0_45\jre\..\lib\tools.jar;C:\Users\mnandi\.m2\repository\org\apache\hadoop\hadoop-auth\2.2.0\hadoop-auth-2.2.0.jar;C:\Users\mnandi\.m2\repository\log4j\log4j\1.2.17\log4j-1.2.17.jar;C:\Users\mnandi\.m2\repository\org\apache\hadoop\hadoop-common\2.2.0\hadoop-common-2.2.0.jar;C:\Users\mnandi\.m2\repository\com\google\protobuf\protobuf-java\2.5.0\protobuf-java-2.5.0.jar;C:\Users\mnandi\.m2\repository\org\apache\commons\commons-compress\1.4.1\commons-compress-1.4.1.jar;C:\Users\mnandi\.m2\repository\org\tukaani\xz\1.0\xz-1.0.jar;C:\Users\mnandi\.m2\repository\org\apache\hadoop\hadoop-hdfs\2.2.0\hadoop-hdfs-2.2.0.jar;C:\Users\mnandi\.m2\repository\org\restlet\jee\org.restlet\2.1.1\org.restlet-2.1.1.jar;C:\Users\mnandi\.m2\repository\org\restlet\jee\org.restlet.ext.servlet\2.1.1\org.restlet.ext.servlet-2.1.1.jar;C:\Users\mnandi\.m2\repository\commons-io\commons-io\2.1\commons-io-2.1.jar;C:\Users\mnandi\.m2\repository\commons-lang\commons-lang\2.6\commons-lang-2.6.jar;C:\Users\mnandi\.m2\repository\com\google\guava\guava\14.0.1\guava-14.0.1.jar;C:\Users\mnandi\.m2\repository\org\apache\httpcomponents\httpclient\4.2.6\httpclient-4.2.6.jar;C:\Users\mnandi\.m2\repository\org\apache\httpcomponents\httpcore\4.2.5\httpcore-4.2.5.jar;C:\Users\mnandi\.m2\repository\org\apache\httpcomponents\httpmime\4.2.6\httpmime-4.2.6.jar;C:\Users\mnandi\.m2\repository\org\slf4j\slf4j-api\1.6.4\slf4j-api-1.6.4.jar;C:\Users\mnandi\.m2\repository\org\slf4j\slf4j-jdk14\1.6.4\slf4j-jdk14-1.6.4.jar;C:\Users\mnandi\.m2\repository\com\googlecode\json-simple\json-simple\1.1\json-simple-1.1.jar;C:\Users\mnandi\.m2\repository\com\searchtechnologies\lemmatizer\0.1-SNAPSHOT\lemmatizer-0.1-SNAPSHOT.jar;C:\Users\mnandi\.m2\repository\org\slf4j\slf4j-log4j12\1.7.2\slf4j-log4j12-1.7.2.jar;C:\Users\mnandi\.m2\repository\org\codehaus\plexus\plexus-utils\1.5.7\plexus-utils-1.5.7.jar;C:\Users\mnandi\.m2\repository\org\apache\opennlp\opennlp-tools\1.5.2-incubating\opennlp-tools-1.5.2-incubating.jar;C:\Users\mnandi\.m2\repository\org\apache\opennlp\opennlp-maxent\3.0.2-incubating\opennlp-maxent-3.0.2-incubating.jar;C:\Users\mnandi\.m2\repository\jwnl\jwnl\1.3.3\jwnl-1.3.3.jar;C:\Users\mnandi\.m2\repository\org\apache\lucene\lucene-analyzers-common\4.6.1\lucene-analyzers-common-4.6.1.jar;C:\Users\mnandi\.m2\repository\commons-logging\commons-logging\1.1.1\commons-logging-1.1.1.jar;"/>
    <property name="java.specification.name" value="Java Platform API Specification"/>
    <property name="java.class.version" value="51.0"/>
    <property name="sun.management.compiler" value="HotSpot 64-Bit Tiered Compilers"/>
    <property name="os.version" value="6.2"/>
    <property name="user.home" value="C:\Users\mnandi"/>
    <property name="user.timezone" value=""/>
    <property name="java.awt.printerjob" value="sun.awt.windows.WPrinterJob"/>
    <property name="java.specification.version" value="1.7"/>
    <property name="file.encoding" value="Cp1252"/>
    <property name="user.name" value="mnandi"/>
    <property name="java.class.path" value="H:\Users\mnandi\workspace\NDSolrQueryParser\target\test-classes;H:\Users\mnandi\workspace\NDSolrQueryParser\target\classes;C:\Users\mnandi\.m2\repository\org\apache\solr\solr-test-framework\4.6.1\solr-test-framework-4.6.1.jar;C:\Users\mnandi\.m2\repository\org\apache\lucene\lucene-test-framework\4.6.1\lucene-test-framework-4.6.1.jar;C:\Users\mnandi\.m2\repository\com\carrotsearch\randomizedtesting\randomizedtesting-runner\2.0.13\randomizedtesting-runner-2.0.13.jar;C:\Users\mnandi\.m2\repository\junit\junit\4.10\junit-4.10.jar;C:\Users\mnandi\.m2\repository\org\eclipse\jetty\jetty-servlet\8.1.10.v20130312\jetty-servlet-8.1.10.v20130312.jar;C:\Users\mnandi\.m2\repository\org\eclipse\jetty\jetty-security\8.1.10.v20130312\jetty-security-8.1.10.v20130312.jar;C:\Users\mnandi\.m2\repository\org\eclipse\jetty\jetty-util\8.1.10.v20130312\jetty-util-8.1.10.v20130312.jar;C:\Users\mnandi\.m2\repository\org\eclipse\jetty\jetty-server\8.1.10.v20130312\jetty-server-8.1.10.v20130312.jar;C:\Users\mnandi\.m2\repository\org\eclipse\jetty\orbit\javax.servlet\3.0.0.v201112011016\javax.servlet-3.0.0.v201112011016.jar;C:\Users\mnandi\.m2\repository\org\eclipse\jetty\jetty-continuation\8.1.10.v20130312\jetty-continuation-8.1.10.v20130312.jar;C:\Users\mnandi\.m2\repository\org\eclipse\jetty\jetty-http\8.1.10.v20130312\jetty-http-8.1.10.v20130312.jar;C:\Users\mnandi\.m2\repository\org\eclipse\jetty\jetty-io\8.1.10.v20130312\jetty-io-8.1.10.v20130312.jar;C:\Users\mnandi\.m2\repository\org\eclipse\jetty\jetty-webapp\8.1.10.v20130312\jetty-webapp-8.1.10.v20130312.jar;C:\Users\mnandi\.m2\repository\org\eclipse\jetty\jetty-xml\8.1.10.v20130312\jetty-xml-8.1.10.v20130312.jar;C:\Users\mnandi\.m2\repository\org\apache\solr\solr-core\4.6.1\solr-core-4.6.1.jar;C:\Users\mnandi\.m2\repository\org\apache\solr\solr-solrj\4.6.1\solr-solrj-4.6.1.jar;C:\Users\mnandi\.m2\repository\org\apache\zookeeper\zookeeper\3.4.5\zookeeper-3.4.5.jar;C:\Users\mnandi\.m2\repository\org\noggit\noggit\0.5\noggit-0.5.jar;C:\Users\mnandi\.m2\repository\org\codehaus\woodstox\wstx-asl\3.2.7\wstx-asl-3.2.7.jar;C:\Users\mnandi\.m2\repository\org\apache\lucene\lucene-core\4.6.1\lucene-core-4.6.1.jar;C:\Users\mnandi\.m2\repository\org\apache\lucene\lucene-codecs\4.6.1\lucene-codecs-4.6.1.jar;C:\Users\mnandi\.m2\repository\org\apache\lucene\lucene-analyzers-kuromoji\4.6.1\lucene-analyzers-kuromoji-4.6.1.jar;C:\Users\mnandi\.m2\repository\org\apache\lucene\lucene-analyzers-phonetic\4.6.1\lucene-analyzers-phonetic-4.6.1.jar;C:\Users\mnandi\.m2\repository\org\apache\lucene\lucene-highlighter\4.6.1\lucene-highlighter-4.6.1.jar;C:\Users\mnandi\.m2\repository\org\apache\lucene\lucene-memory\4.6.1\lucene-memory-4.6.1.jar;C:\Users\mnandi\.m2\repository\org\apache\lucene\lucene-misc\4.6.1\lucene-misc-4.6.1.jar;C:\Users\mnandi\.m2\repository\org\apache\lucene\lucene-join\4.6.1\lucene-join-4.6.1.jar;C:\Users\mnandi\.m2\repository\org\apache\lucene\lucene-queryparser\4.6.1\lucene-queryparser-4.6.1.jar;C:\Users\mnandi\.m2\repository\org\apache\lucene\lucene-spatial\4.6.1\lucene-spatial-4.6.1.jar;C:\Users\mnandi\.m2\repository\com\spatial4j\spatial4j\0.3\spatial4j-0.3.jar;C:\Users\mnandi\.m2\repository\org\apache\lucene\lucene-suggest\4.6.1\lucene-suggest-4.6.1.jar;C:\Users\mnandi\.m2\repository\org\apache\lucene\lucene-grouping\4.6.1\lucene-grouping-4.6.1.jar;C:\Users\mnandi\.m2\repository\org\apache\lucene\lucene-queries\4.6.1\lucene-queries-4.6.1.jar;C:\Users\mnandi\.m2\repository\com\carrotsearch\hppc\0.5.2\hppc-0.5.2.jar;C:\Users\mnandi\.m2\repository\com\googlecode\concurrentlinkedhashmap\concurrentlinkedhashmap-lru\1.2\concurrentlinkedhashmap-lru-1.2.jar;C:\Users\mnandi\.m2\repository\commons-codec\commons-codec\1.7\commons-codec-1.7.jar;C:\Users\mnandi\.m2\repository\commons-cli\commons-cli\1.2\commons-cli-1.2.jar;C:\Users\mnandi\.m2\repository\commons-fileupload\commons-fileupload\1.2.1\commons-fileupload-1.2.1.jar;C:\Users\mnandi\.m2\repository\joda-time\joda-time\2.2\joda-time-2.2.jar;C:\Users\mnandi\.m2\repository\org\apache\hadoop\hadoop-annotations\2.2.0\hadoop-annotations-2.2.0.jar;C:\Program Files\Java\jdk1.7.0_45\jre\..\lib\tools.jar;C:\Users\mnandi\.m2\repository\org\apache\hadoop\hadoop-auth\2.2.0\hadoop-auth-2.2.0.jar;C:\Users\mnandi\.m2\repository\log4j\log4j\1.2.17\log4j-1.2.17.jar;C:\Users\mnandi\.m2\repository\org\apache\hadoop\hadoop-common\2.2.0\hadoop-common-2.2.0.jar;C:\Users\mnandi\.m2\repository\com\google\protobuf\protobuf-java\2.5.0\protobuf-java-2.5.0.jar;C:\Users\mnandi\.m2\repository\org\apache\commons\commons-compress\1.4.1\commons-compress-1.4.1.jar;C:\Users\mnandi\.m2\repository\org\tukaani\xz\1.0\xz-1.0.jar;C:\Users\mnandi\.m2\repository\org\apache\hadoop\hadoop-hdfs\2.2.0\hadoop-hdfs-2.2.0.jar;C:\Users\mnandi\.m2\repository\org\restlet\jee\org.restlet\2.1.1\org.restlet-2.1.1.jar;C:\Users\mnandi\.m2\repository\org\restlet\jee\org.restlet.ext.servlet\2.1.1\org.restlet.ext.servlet-2.1.1.jar;C:\Users\mnandi\.m2\repository\commons-io\commons-io\2.1\commons-io-2.1.jar;C:\Users\mnandi\.m2\repository\commons-lang\commons-lang\2.6\commons-lang-2.6.jar;C:\Users\mnandi\.m2\repository\com\google\guava\guava\14.0.1\guava-14.0.1.jar;C:\Users\mnandi\.m2\repository\org\apache\httpcomponents\httpclient\4.2.6\httpclient-4.2.6.jar;C:\Users\mnandi\.m2\repository\org\apache\httpcomponents\httpcore\4.2.5\httpcore-4.2.5.jar;C:\Users\mnandi\.m2\repository\org\apache\httpcomponents\httpmime\4.2.6\httpmime-4.2.6.jar;C:\Users\mnandi\.m2\repository\org\slf4j\slf4j-api\1.6.4\slf4j-api-1.6.4.jar;C:\Users\mnandi\.m2\repository\org\slf4j\slf4j-jdk14\1.6.4\slf4j-jdk14-1.6.4.jar;C:\Users\mnandi\.m2\repository\com\googlecode\json-simple\json-simple\1.1\json-simple-1.1.jar;C:\Users\mnandi\.m2\repository\com\searchtechnologies\lemmatizer\0.1-SNAPSHOT\lemmatizer-0.1-SNAPSHOT.jar;C:\Users\mnandi\.m2\repository\org\slf4j\slf4j-log4j12\1.7.2\slf4j-log4j12-1.7.2.jar;C:\Users\mnandi\.m2\repository\org\codehaus\plexus\plexus-utils\1.5.7\plexus-utils-1.5.7.jar;C:\Users\mnandi\.m2\repository\org\apache\opennlp\opennlp-tools\1.5.2-incubating\opennlp-tools-1.5.2-incubating.jar;C:\Users\mnandi\.m2\repository\org\apache\opennlp\opennlp-maxent\3.0.2-incubating\opennlp-maxent-3.0.2-incubating.jar;C:\Users\mnandi\.m2\repository\jwnl\jwnl\1.3.3\jwnl-1.3.3.jar;C:\Users\mnandi\.m2\repository\org\apache\lucene\lucene-analyzers-common\4.6.1\lucene-analyzers-common-4.6.1.jar;C:\Users\mnandi\.m2\repository\commons-logging\commons-logging\1.1.1\commons-logging-1.1.1.jar;"/>
    <property name="java.vm.specification.version" value="1.7"/>
    <property name="sun.arch.data.model" value="64"/>
    <property name="java.home" value="C:\Program Files\Java\jdk1.7.0_45\jre"/>
    <property name="sun.java.command" value="H:\Users\mnandi\workspace\NDSolrQueryParser\target\surefire\surefirebooter2284824376132423920.jar H:\Users\mnandi\workspace\NDSolrQueryParser\target\surefire\surefire1120927773617030918tmp H:\Users\mnandi\workspace\NDSolrQueryParser\target\surefire\surefire9005761006925173725tmp"/>
    <property name="java.specification.vendor" value="Oracle Corporation"/>
    <property name="user.language" value="en"/>
    <property name="awt.toolkit" value="sun.awt.windows.WToolkit"/>
    <property name="java.vm.info" value="mixed mode"/>
    <property name="java.version" value="1.7.0_45"/>
    <property name="java.ext.dirs" value="C:\Program Files\Java\jdk1.7.0_45\jre\lib\ext;C:\Windows\Sun\Java\lib\ext"/>
    <property name="sun.boot.class.path" value="C:\Program Files\Java\jdk1.7.0_45\jre\lib\resources.jar;C:\Program Files\Java\jdk1.7.0_45\jre\lib\rt.jar;C:\Program Files\Java\jdk1.7.0_45\jre\lib\sunrsasign.jar;C:\Program Files\Java\jdk1.7.0_45\jre\lib\jsse.jar;C:\Program Files\Java\jdk1.7.0_45\jre\lib\jce.jar;C:\Program Files\Java\jdk1.7.0_45\jre\lib\charsets.jar;C:\Program Files\Java\jdk1.7.0_45\jre\lib\jfr.jar;C:\Program Files\Java\jdk1.7.0_45\jre\classes"/>
    <property name="java.vendor" value="Oracle Corporation"/>
    <property name="localRepository" value="C:\Users\mnandi\.m2\repository"/>
    <property name="file.separator" value="\"/>
    <property name="java.vendor.url.bug" value="http://bugreport.sun.com/bugreport/"/>
    <property name="sun.cpu.endian" value="little"/>
    <property name="sun.io.unicode.encoding" value="UnicodeLittle"/>
    <property name="sun.desktop" value="windows"/>
    <property name="sun.cpu.isalist" value="amd64"/>
  </properties>
  <testcase time="0" classname="org.apache.solr.search.PreAnalyzedQParserPluginTest" name="testQueries">
    <skipped/>
  </testcase>
  <testcase time="4.89" classname="org.apache.solr.search.PreAnalyzedQParserPluginTest" name="testSingleQuery"/>
</testsuite>